{"/Users/eshortiss/workspaces/personal/yr.no-interface/lib/interface.js":{"path":"/Users/eshortiss/workspaces/personal/yr.no-interface/lib/interface.js","s":{"1":1,"2":1,"3":29,"4":29,"5":29,"6":3,"7":1,"8":1,"9":1,"10":3,"11":3,"12":3,"13":3,"14":3,"15":3},"b":{"1":[1,2]},"f":{"1":29,"2":3},"fnMap":{"1":{"name":"(anonymous_1)","line":15,"loc":{"start":{"line":15,"column":3},"end":{"line":15,"column":15}}},"2":{"name":"(anonymous_2)","line":18,"loc":{"start":{"line":18,"column":18},"end":{"line":18,"column":55}}}},"statementMap":{"1":{"start":{"line":3,"column":0},"end":{"line":9,"column":26}},"2":{"start":{"line":12,"column":0},"end":{"line":40,"column":1}},"3":{"start":{"line":15,"column":2},"end":{"line":38,"column":7}},"4":{"start":{"line":16,"column":4},"end":{"line":16,"column":40}},"5":{"start":{"line":18,"column":4},"end":{"line":37,"column":6}},"6":{"start":{"line":20,"column":6},"end":{"line":24,"column":7}},"7":{"start":{"line":21,"column":8},"end":{"line":21,"column":27}},"8":{"start":{"line":22,"column":8},"end":{"line":22,"column":25}},"9":{"start":{"line":23,"column":8},"end":{"line":23,"column":20}},"10":{"start":{"line":26,"column":6},"end":{"line":26,"column":36}},"11":{"start":{"line":27,"column":6},"end":{"line":27,"column":72}},"12":{"start":{"line":29,"column":6},"end":{"line":29,"column":25}},"13":{"start":{"line":30,"column":6},"end":{"line":30,"column":77}},"14":{"start":{"line":33,"column":6},"end":{"line":34,"column":35}},"15":{"start":{"line":36,"column":6},"end":{"line":36,"column":45}}},"branchMap":{"1":{"line":20,"type":"if","locations":[{"start":{"line":20,"column":6},"end":{"line":20,"column":6}},{"start":{"line":20,"column":6},"end":{"line":20,"column":6}}]}}},"/Users/eshortiss/workspaces/personal/yr.no-interface/lib/apiRequest.js":{"path":"/Users/eshortiss/workspaces/personal/yr.no-interface/lib/apiRequest.js","s":{"1":1,"2":1,"3":3,"4":1,"5":2,"6":2,"7":2,"8":0,"9":2,"10":2,"11":0},"b":{"1":[1,2],"2":[2,2],"3":[0,2],"4":[2,0],"5":[2,2],"6":[0,0]},"f":{"1":3,"2":2},"fnMap":{"1":{"name":"(anonymous_1)","line":12,"loc":{"start":{"line":12,"column":17},"end":{"line":12,"column":50}}},"2":{"name":"(anonymous_2)","line":27,"loc":{"start":{"line":27,"column":5},"end":{"line":27,"column":30}}}},"statementMap":{"1":{"start":{"line":3,"column":0},"end":{"line":3,"column":33}},"2":{"start":{"line":12,"column":0},"end":{"line":41,"column":2}},"3":{"start":{"line":14,"column":2},"end":{"line":19,"column":3}},"4":{"start":{"line":15,"column":4},"end":{"line":18,"column":7}},"5":{"start":{"line":21,"column":2},"end":{"line":40,"column":5}},"6":{"start":{"line":28,"column":4},"end":{"line":28,"column":35}},"7":{"start":{"line":30,"column":4},"end":{"line":39,"column":5}},"8":{"start":{"line":31,"column":6},"end":{"line":31,"column":33}},"9":{"start":{"line":32,"column":11},"end":{"line":39,"column":5}},"10":{"start":{"line":33,"column":6},"end":{"line":33,"column":34}},"11":{"start":{"line":35,"column":6},"end":{"line":38,"column":9}}},"branchMap":{"1":{"line":14,"type":"if","locations":[{"start":{"line":14,"column":2},"end":{"line":14,"column":2}},{"start":{"line":14,"column":2},"end":{"line":14,"column":2}}]},"2":{"line":28,"type":"binary-expr","locations":[{"start":{"line":28,"column":13},"end":{"line":28,"column":16}},{"start":{"line":28,"column":20},"end":{"line":28,"column":34}}]},"3":{"line":30,"type":"if","locations":[{"start":{"line":30,"column":4},"end":{"line":30,"column":4}},{"start":{"line":30,"column":4},"end":{"line":30,"column":4}}]},"4":{"line":32,"type":"if","locations":[{"start":{"line":32,"column":11},"end":{"line":32,"column":11}},{"start":{"line":32,"column":11},"end":{"line":32,"column":11}}]},"5":{"line":32,"type":"binary-expr","locations":[{"start":{"line":32,"column":15},"end":{"line":32,"column":25}},{"start":{"line":32,"column":29},"end":{"line":32,"column":39}}]},"6":{"line":37,"type":"binary-expr","locations":[{"start":{"line":37,"column":20},"end":{"line":37,"column":22}},{"start":{"line":37,"column":26},"end":{"line":37,"column":48}}]}}},"/Users/eshortiss/workspaces/personal/yr.no-interface/lib/endpoints.js":{"path":"/Users/eshortiss/workspaces/personal/yr.no-interface/lib/endpoints.js","s":{"1":1},"b":{},"f":{},"fnMap":{},"statementMap":{"1":{"start":{"line":3,"column":0},"end":{"line":33,"column":2}}},"branchMap":{}}}