TN:
SF:/Users/eshortiss/workspaces/personal/yr.no-interface/lib/interface.js
FN:15,(anonymous_1)
FN:18,(anonymous_2)
FNF:2
FNH:2
FNDA:29,(anonymous_1)
FNDA:3,(anonymous_2)
DA:3,1
DA:12,1
DA:15,29
DA:16,29
DA:18,29
DA:20,3
DA:21,1
DA:22,1
DA:23,1
DA:26,3
DA:27,3
DA:29,3
DA:30,3
DA:33,3
DA:36,3
LF:15
LH:15
BRDA:20,1,0,1
BRDA:20,1,1,2
BRF:2
BRH:2
end_of_record
TN:
SF:/Users/eshortiss/workspaces/personal/yr.no-interface/lib/apiRequest.js
FN:12,(anonymous_1)
FN:27,(anonymous_2)
FNF:2
FNH:2
FNDA:3,(anonymous_1)
FNDA:2,(anonymous_2)
DA:3,1
DA:12,1
DA:14,3
DA:15,1
DA:21,2
DA:28,2
DA:30,2
DA:31,0
DA:32,2
DA:33,2
DA:35,0
LF:11
LH:9
BRDA:14,1,0,1
BRDA:14,1,1,2
BRDA:28,2,0,2
BRDA:28,2,1,2
BRDA:30,3,0,0
BRDA:30,3,1,2
BRDA:32,4,0,2
BRDA:32,4,1,0
BRDA:32,5,0,2
BRDA:32,5,1,2
BRDA:37,6,0,0
BRDA:37,6,1,0
BRF:12
BRH:8
end_of_record
TN:
SF:/Users/eshortiss/workspaces/personal/yr.no-interface/lib/endpoints.js
FNF:0
FNH:0
DA:3,1
LF:1
LH:1
BRF:0
BRH:0
end_of_record
